<?xml version="1.0" encoding="UTF-8"?>
<!-- Generated by org.testng.reporters.JUnitReportReporter -->
<testsuite hostname="EPUAKHAW0979" name="automationFramework.Reporting" tests="1" failures="0" timestamp="19 Jan 2016 16:02:32 GMT" time="14.812" errors="0">
  <testcase name="verifyTitle" time="14.812" classname="automationFramework.Reporting"/>
</testsuite> <!-- automationFramework.Reporting -->
